----------------------------------------
checking for C compiler: cc
Apple LLVM version 10.0.1 (clang-1001.0.46.4)
----------------------------------------
checking for int size
4
----------------------------------------
checking for long size
8
----------------------------------------
checking for long long size
8
----------------------------------------
checking for void * size
8
----------------------------------------
checking for size_t size
8
----------------------------------------
checking for off_t size
8
----------------------------------------
checking for time_t size
8
----------------------------------------
checking for C99 variadic macro
----------------------------------------
checking for GCC __builtin_expect()
----------------------------------------
checking for GCC __builtin_unreachable()
----------------------------------------
checking for GCC __builtin_prefetch()
----------------------------------------
checking for GCC __builtin_clz()
----------------------------------------
checking for GCC __builtin_popcount()
----------------------------------------
checking for GCC __attribute__ visibility
----------------------------------------
checking for GCC __attribute__ aligned
----------------------------------------
checking for GCC __attribute__ malloc
----------------------------------------
checking for GCC __attribute__ packed
----------------------------------------
checking for GCC builtin atomic operations
----------------------------------------
checking for posix_memalign()
----------------------------------------
checking for Linux malloc_usable_size()
build/autotest.c:1:10: fatal error: 'malloc.h' file not found
#include <malloc.h>
         ^~~~~~~~~~
1 error generated.
----------
#include <malloc.h>

                  int main() {
                      void  *p;

                      p = malloc(4096);
                      if (malloc_usable_size(p) < 4096)
                          return 1;
                      return 0;
                  }
----------
cc -pipe -fPIC -fvisibility=hidden -O -W -Wall -Wextra -Wno-unused-parameter -Wwrite-strings -fstrict-aliasing -Wstrict-overflow=5 -Wmissing-prototypes -Werror -g -o build/autotest build/autotest.c
----------
----------------------------------------
checking for FreeBSD malloc_usable_size()
build/autotest.c:2:32: fatal error: 'malloc_np.h' file not found
                      #include <malloc_np.h>
                               ^~~~~~~~~~~~~
1 error generated.
----------
#include <stdlib.h>
                      #include <malloc_np.h>

                      int main() {
                          void  *p;

                          p = malloc(4096);
                          if (malloc_usable_size(p) < 4096)
                              return 1;
                          return 0;
                      }
----------
cc -pipe -fPIC -fvisibility=hidden -O -W -Wall -Wextra -Wno-unused-parameter -Wwrite-strings -fstrict-aliasing -Wstrict-overflow=5 -Wmissing-prototypes -Werror -g -o build/autotest build/autotest.c
----------
----------------------------------------
checking for MacOSX malloc_good_size()
----------------------------------------
checking for alloca()
----------------------------------------
checking for Linux mallopt()
build/autotest.c:1:10: fatal error: 'malloc.h' file not found
#include <malloc.h>
         ^~~~~~~~~~
1 error generated.
----------
#include <malloc.h>

                  int main() {
                      mallopt(M_PERTURB, 0x55);
                      return 0;
                  }
----------
cc -pipe -fPIC -fvisibility=hidden -O -W -Wall -Wextra -Wno-unused-parameter -Wwrite-strings -fstrict-aliasing -Wstrict-overflow=5 -Wmissing-prototypes -Werror -g -o build/autotest build/autotest.c
----------
----------------------------------------
checking for MAP_ANON
----------------------------------------
checking for MAP_POPULATE
build/autotest.c:6:45: error: use of undeclared identifier 'MAP_POPULATE'
                               MAP_SHARED | MAP_POPULATE, -1, 0)
                                            ^
1 error generated.
----------
#include <stdlib.h>
                  #include <sys/mman.h>

                  int main() {
                      if (mmap(NULL, 4096, PROT_READ | PROT_WRITE,
                               MAP_SHARED | MAP_POPULATE, -1, 0)
                            == MAP_FAILED)
                          return 1;
                      return 0;
                  }
----------
cc -pipe -fPIC -fvisibility=hidden -O -W -Wall -Wextra -Wno-unused-parameter -Wwrite-strings -fstrict-aliasing -Wstrict-overflow=5 -Wmissing-prototypes -Werror -g -o build/autotest build/autotest.c
----------
----------------------------------------
checking for MAP_PREFAULT_READ
build/autotest.c:6:57: error: use of undeclared identifier 'MAP_PREFAULT_READ'
                               MAP_PRIVATE | MAP_ANON | MAP_PREFAULT_READ,
                                                        ^
1 error generated.
----------
#include <stdlib.h>
                  #include <sys/mman.h>

                  int main() {
                      if (mmap(NULL, 4096, PROT_READ | PROT_WRITE,
                               MAP_PRIVATE | MAP_ANON | MAP_PREFAULT_READ,
                               -1, 0)
                            == MAP_FAILED)
                          return 1;
                      return 0;
                  }
----------
cc -pipe -fPIC -fvisibility=hidden -O -W -Wall -Wextra -Wno-unused-parameter -Wwrite-strings -fstrict-aliasing -Wstrict-overflow=5 -Wmissing-prototypes -Werror -g -o build/autotest build/autotest.c
----------
----------------------------------------
checking for shm_open()
----------------------------------------
checking for shm_open(SHM_ANON)
build/autotest.c:6:41: error: use of undeclared identifier 'SHM_ANON'
                      int fd = shm_open(SHM_ANON, O_RDWR, S_IRUSR | S_IWUSR);
                                        ^
1 error generated.
----------
#include <sys/mman.h>
                  #include <fcntl.h>
                  #include <sys/stat.h>

                  int main() {
                      int fd = shm_open(SHM_ANON, O_RDWR, S_IRUSR | S_IWUSR);
                      if (fd == -1)
                          return 1;

                      return 0;
                  }
----------
cc -pipe -fPIC -fvisibility=hidden -O -W -Wall -Wextra -Wno-unused-parameter -Wwrite-strings -fstrict-aliasing -Wstrict-overflow=5 -Wmissing-prototypes -Werror -g -o build/autotest build/autotest.c
----------
----------------------------------------
checking for memfd_create()
build/autotest.c:1:10: fatal error: 'linux/memfd.h' file not found
#include <linux/memfd.h>
         ^~~~~~~~~~~~~~~
1 error generated.
----------
#include <linux/memfd.h>
                  #include <unistd.h>
                  #include <sys/syscall.h>

                  int main() {
                      static char name[] = "/unit.configure";

                      int fd = syscall(SYS_memfd_create, name, MFD_CLOEXEC);
                      if (fd == -1)
                          return 1;

                      return 0;
                  }
----------
cc -pipe -fPIC -fvisibility=hidden -O -W -Wall -Wextra -Wno-unused-parameter -Wwrite-strings -fstrict-aliasing -Wstrict-overflow=5 -Wmissing-prototypes -Werror -g -o build/autotest build/autotest.c
----------
----------------------------------------
checking for Linux clock_gettime(CLOCK_REALTIME_COARSE)
build/autotest.c:6:41: error: use of undeclared identifier 'CLOCK_REALTIME_COARSE'
                      if (clock_gettime(CLOCK_REALTIME_COARSE, &ts) == -1)
                                        ^
1 error generated.
----------
#include <time.h>

                  int main() {
                      struct timespec  ts;

                      if (clock_gettime(CLOCK_REALTIME_COARSE, &ts) == -1)
                          return 1;
                      return 0;
                  }
----------
cc -pipe -fPIC -fvisibility=hidden -O -W -Wall -Wextra -Wno-unused-parameter -Wwrite-strings -fstrict-aliasing -Wstrict-overflow=5 -Wmissing-prototypes -Werror -g -o build/autotest build/autotest.c -lrt
----------
----------------------------------------
checking for FreeBSD clock_gettime(CLOCK_REALTIME_FAST)
build/autotest.c:6:41: error: use of undeclared identifier 'CLOCK_REALTIME_FAST'; did you mean '_CLOCK_REALTIME'?
                      if (clock_gettime(CLOCK_REALTIME_FAST, &ts) == -1)
                                        ^~~~~~~~~~~~~~~~~~~
                                        _CLOCK_REALTIME
/Library/Developer/CommandLineTools/SDKs/MacOSX10.14.sdk/usr/include/time.h:153:1: note: '_CLOCK_REALTIME' declared here
_CLOCK_REALTIME __CLOCK_AVAILABILITY = 0,
^
1 error generated.
----------
#include <time.h>

                  int main() {
                      struct timespec  ts;

                      if (clock_gettime(CLOCK_REALTIME_FAST, &ts) == -1)
                          return 1;
                      return 0;
                  }
----------
cc -pipe -fPIC -fvisibility=hidden -O -W -Wall -Wextra -Wno-unused-parameter -Wwrite-strings -fstrict-aliasing -Wstrict-overflow=5 -Wmissing-prototypes -Werror -g -o build/autotest build/autotest.c
----------
----------------------------------------
checking for clock_gettime(CLOCK_REALTIME)
----------------------------------------
checking for Linux clock_gettime(CLOCK_MONOTONIC_COARSE)
build/autotest.c:6:41: error: use of undeclared identifier 'CLOCK_MONOTONIC_COARSE'; did you mean '_CLOCK_MONOTONIC_RAW'?
                      if (clock_gettime(CLOCK_MONOTONIC_COARSE, &ts) == -1)
                                        ^~~~~~~~~~~~~~~~~~~~~~
                                        _CLOCK_MONOTONIC_RAW
/Library/Developer/CommandLineTools/SDKs/MacOSX10.14.sdk/usr/include/time.h:158:1: note: '_CLOCK_MONOTONIC_RAW' declared here
_CLOCK_MONOTONIC_RAW __CLOCK_AVAILABILITY = 4,
^
1 error generated.
----------
#include <time.h>

                  int main() {
                      struct timespec  ts;

                      if (clock_gettime(CLOCK_MONOTONIC_COARSE, &ts) == -1)
                          return 1;
                      return 0;
                  }
----------
cc -pipe -fPIC -fvisibility=hidden -O -W -Wall -Wextra -Wno-unused-parameter -Wwrite-strings -fstrict-aliasing -Wstrict-overflow=5 -Wmissing-prototypes -Werror -g -o build/autotest build/autotest.c -lrt
----------
----------------------------------------
checking for FreeBSD clock_gettime(CLOCK_MONOTONIC_FAST)
build/autotest.c:6:41: error: use of undeclared identifier 'CLOCK_MONOTONIC_FAST'; did you mean '_CLOCK_MONOTONIC_RAW'?
                      if (clock_gettime(CLOCK_MONOTONIC_FAST, &ts) == -1)
                                        ^~~~~~~~~~~~~~~~~~~~
                                        _CLOCK_MONOTONIC_RAW
/Library/Developer/CommandLineTools/SDKs/MacOSX10.14.sdk/usr/include/time.h:158:1: note: '_CLOCK_MONOTONIC_RAW' declared here
_CLOCK_MONOTONIC_RAW __CLOCK_AVAILABILITY = 4,
^
1 error generated.
----------
#include <time.h>

                  int main() {
                      struct timespec  ts;

                      if (clock_gettime(CLOCK_MONOTONIC_FAST, &ts) == -1)
                          return 1;
                      return 0;
                  }
----------
cc -pipe -fPIC -fvisibility=hidden -O -W -Wall -Wextra -Wno-unused-parameter -Wwrite-strings -fstrict-aliasing -Wstrict-overflow=5 -Wmissing-prototypes -Werror -g -o build/autotest build/autotest.c
----------
----------------------------------------
checking for clock_gettime(CLOCK_MONOTONIC)
----------------------------------------
checking for HP-UX hg_gethrtime()
build/autotest.c:2:28: fatal error: 'sys/mercury.h' file not found
                  #include <sys/mercury.h>
                           ^~~~~~~~~~~~~~~
1 error generated.
----------
#include <stdlib.h>
                  #include <sys/mercury.h>

                  int main() {
                      hg_gethrtime();
                      return 0;
                  }
----------
cc -pipe -fPIC -fvisibility=hidden -O -W -Wall -Wextra -Wno-unused-parameter -Wwrite-strings -fstrict-aliasing -Wstrict-overflow=5 -Wmissing-prototypes -Werror -g -o build/autotest build/autotest.c -lhg
----------
----------------------------------------
checking for struct tm.tm_gmtoff
----------------------------------------
checking for altzone
build/autotest.c:4:23: error: use of undeclared identifier 'altzone'
                      altzone = 0;
                      ^
1 error generated.
----------
#include <time.h>

                  int main() {
                      altzone = 0;
                      return 0;
                  }
----------
cc -pipe -fPIC -fvisibility=hidden -O -W -Wall -Wextra -Wno-unused-parameter -Wwrite-strings -fstrict-aliasing -Wstrict-overflow=5 -Wmissing-prototypes -Werror -g -o build/autotest build/autotest.c
----------
----------------------------------------
checking for localtime_r()
----------------------------------------
checking for pthread_yield()
build/autotest.c:5:19: error: implicit declaration of function 'pthread_yield' is invalid in C99 [-Werror,-Wimplicit-function-declaration]
                  pthread_yield();
                  ^
1 error generated.
----------
#define _GNU_SOURCE
              #include <pthread.h>

              int main() {
                  pthread_yield();
                  return 0;
              }
----------
cc -pipe -fPIC -fvisibility=hidden -O -W -Wall -Wextra -Wno-unused-parameter -Wwrite-strings -fstrict-aliasing -Wstrict-overflow=5 -Wmissing-prototypes -Werror -g -o build/autotest build/autotest.c
----------
----------------------------------------
checking for pthread_yield_np()
----------------------------------------
checking for pthread spinlock
build/autotest.c:4:19: error: unknown type name 'pthread_spinlock_t'; did you mean 'pthread_rwlock_t'?
                  pthread_spinlock_t  lock;
                  ^~~~~~~~~~~~~~~~~~
                  pthread_rwlock_t
/Library/Developer/CommandLineTools/SDKs/MacOSX10.14.sdk/usr/include/sys/_pthread/_pthread_rwlock_t.h:31:35: note: 'pthread_rwlock_t' declared here
typedef __darwin_pthread_rwlock_t pthread_rwlock_t;
                                  ^
build/autotest.c:6:23: error: implicit declaration of function 'pthread_spin_init' is invalid in C99 [-Werror,-Wimplicit-function-declaration]
                  if (pthread_spin_init(&lock, PTHREAD_PROCESS_PRIVATE) != 0)
                      ^
build/autotest.c:8:23: error: implicit declaration of function 'pthread_spin_lock' is invalid in C99 [-Werror,-Wimplicit-function-declaration]
                  if (pthread_spin_lock(&lock) != 0)
                      ^
build/autotest.c:8:23: note: did you mean 'pthread_spin_init'?
build/autotest.c:6:23: note: 'pthread_spin_init' declared here
                  if (pthread_spin_init(&lock, PTHREAD_PROCESS_PRIVATE) != 0)
                      ^
build/autotest.c:10:23: error: implicit declaration of function 'pthread_spin_unlock' is invalid in C99 [-Werror,-Wimplicit-function-declaration]
                  if (pthread_spin_unlock(&lock) != 0)
                      ^
build/autotest.c:10:23: note: did you mean 'pthread_spin_lock'?
build/autotest.c:8:23: note: 'pthread_spin_lock' declared here
                  if (pthread_spin_lock(&lock) != 0)
                      ^
build/autotest.c:12:23: error: implicit declaration of function 'pthread_spin_destroy' is invalid in C99 [-Werror,-Wimplicit-function-declaration]
                  if (pthread_spin_destroy(&lock) != 0)
                      ^
5 errors generated.
----------
#include <pthread.h>

              int main() {
                  pthread_spinlock_t  lock;

                  if (pthread_spin_init(&lock, PTHREAD_PROCESS_PRIVATE) != 0)
                      return 1;
                  if (pthread_spin_lock(&lock) != 0)
                      return 1;
                  if (pthread_spin_unlock(&lock) != 0)
                      return 1;
                  if (pthread_spin_destroy(&lock) != 0)
                      return 1;
                  return 0;
              }
----------
cc -pipe -fPIC -fvisibility=hidden -O -W -Wall -Wextra -Wno-unused-parameter -Wwrite-strings -fstrict-aliasing -Wstrict-overflow=5 -Wmissing-prototypes -Werror -g -o build/autotest build/autotest.c
----------
----------------------------------------
checking for sem_timedwait()
build/autotest.c:7:27: error: 'sem_init' is deprecated [-Werror,-Wdeprecated-declarations]
                      if (sem_init(&sem, 0, 0) != 0)
                          ^
/Library/Developer/CommandLineTools/SDKs/MacOSX10.14.sdk/usr/include/sys/semaphore.h:55:42: note: 'sem_init' has been explicitly marked deprecated here
int sem_init(sem_t *, int, unsigned int) __deprecated;
                                         ^
/Library/Developer/CommandLineTools/SDKs/MacOSX10.14.sdk/usr/include/sys/cdefs.h:176:40: note: expanded from macro '__deprecated'
#define __deprecated    __attribute__((deprecated))
                                       ^
build/autotest.c:14:27: error: implicit declaration of function 'sem_timedwait' is invalid in C99 [-Werror,-Wimplicit-function-declaration]
                      if (sem_timedwait(&sem, &ts) != 0)
                          ^
build/autotest.c:14:27: note: did you mean 'sem_trywait'?
/Library/Developer/CommandLineTools/SDKs/MacOSX10.14.sdk/usr/include/sys/semaphore.h:58:5: note: 'sem_trywait' declared here
int sem_trywait(sem_t *);
    ^
build/autotest.c:17:27: error: 'sem_destroy' is deprecated [-Werror,-Wdeprecated-declarations]
                      if (sem_destroy(&sem) != 0)
                          ^
/Library/Developer/CommandLineTools/SDKs/MacOSX10.14.sdk/usr/include/sys/semaphore.h:53:26: note: 'sem_destroy' has been explicitly marked deprecated here
int sem_destroy(sem_t *) __deprecated;
                         ^
/Library/Developer/CommandLineTools/SDKs/MacOSX10.14.sdk/usr/include/sys/cdefs.h:176:40: note: expanded from macro '__deprecated'
#define __deprecated    __attribute__((deprecated))
                                       ^
3 errors generated.
----------
#include <semaphore.h>

                  int main() {
                      sem_t            sem;
                      struct timespec  ts;

                      if (sem_init(&sem, 0, 0) != 0)
                          return 1;
                      if (sem_post(&sem) != 0)
                          return 1;

                      ts.tv_sec = 0;
                      ts.tv_nsec = 0;
                      if (sem_timedwait(&sem, &ts) != 0)
                          return 1;

                      if (sem_destroy(&sem) != 0)
                          return 1;
                      return 0;
                  }
----------
cc -pipe -fPIC -fvisibility=hidden -O -W -Wall -Wextra -Wno-unused-parameter -Wwrite-strings -fstrict-aliasing -Wstrict-overflow=5 -Wmissing-prototypes -Werror -g -o build/autotest build/autotest.c
----------
----------------------------------------
checking for sem_timedwait() in librt
build/autotest.c:7:27: error: 'sem_init' is deprecated [-Werror,-Wdeprecated-declarations]
                      if (sem_init(&sem, 0, 0) != 0)
                          ^
/Library/Developer/CommandLineTools/SDKs/MacOSX10.14.sdk/usr/include/sys/semaphore.h:55:42: note: 'sem_init' has been explicitly marked deprecated here
int sem_init(sem_t *, int, unsigned int) __deprecated;
                                         ^
/Library/Developer/CommandLineTools/SDKs/MacOSX10.14.sdk/usr/include/sys/cdefs.h:176:40: note: expanded from macro '__deprecated'
#define __deprecated    __attribute__((deprecated))
                                       ^
build/autotest.c:14:27: error: implicit declaration of function 'sem_timedwait' is invalid in C99 [-Werror,-Wimplicit-function-declaration]
                      if (sem_timedwait(&sem, &ts) != 0)
                          ^
build/autotest.c:14:27: note: did you mean 'sem_trywait'?
/Library/Developer/CommandLineTools/SDKs/MacOSX10.14.sdk/usr/include/sys/semaphore.h:58:5: note: 'sem_trywait' declared here
int sem_trywait(sem_t *);
    ^
build/autotest.c:17:27: error: 'sem_destroy' is deprecated [-Werror,-Wdeprecated-declarations]
                      if (sem_destroy(&sem) != 0)
                          ^
/Library/Developer/CommandLineTools/SDKs/MacOSX10.14.sdk/usr/include/sys/semaphore.h:53:26: note: 'sem_destroy' has been explicitly marked deprecated here
int sem_destroy(sem_t *) __deprecated;
                         ^
/Library/Developer/CommandLineTools/SDKs/MacOSX10.14.sdk/usr/include/sys/cdefs.h:176:40: note: expanded from macro '__deprecated'
#define __deprecated    __attribute__((deprecated))
                                       ^
3 errors generated.
----------
#include <semaphore.h>

                  int main() {
                      sem_t            sem;
                      struct timespec  ts;

                      if (sem_init(&sem, 0, 0) != 0)
                          return 1;
                      if (sem_post(&sem) != 0)
                          return 1;

                      ts.tv_sec = 0;
                      ts.tv_nsec = 0;
                      if (sem_timedwait(&sem, &ts) != 0)
                          return 1;

                      if (sem_destroy(&sem) != 0)
                          return 1;
                      return 0;
                  }
----------
cc -pipe -fPIC -fvisibility=hidden -O -W -Wall -Wextra -Wno-unused-parameter -Wwrite-strings -fstrict-aliasing -Wstrict-overflow=5 -Wmissing-prototypes -Werror -g -o build/autotest build/autotest.c -lrt
----------
----------------------------------------
checking for __thread
----------------------------------------
checking for Linux epoll
build/autotest.c:1:10: fatal error: 'sys/epoll.h' file not found
#include <sys/epoll.h>
         ^~~~~~~~~~~~~
1 error generated.
----------
#include <sys/epoll.h>
                  #include <unistd.h>

                  int main() {
                      int  n;

                      n = epoll_create(1);
                      close(n);
                      return 0;
                  }
----------
cc -pipe -fPIC -fvisibility=hidden -O -W -Wall -Wextra -Wno-unused-parameter -Wwrite-strings -fstrict-aliasing -Wstrict-overflow=5 -Wmissing-prototypes -Werror -g -o build/autotest build/autotest.c
----------
----------------------------------------
checking for kqueue
----------------------------------------
checking for kqueue EVFILT_USER
----------------------------------------
checking for Solaris event port
build/autotest.c:1:10: fatal error: 'port.h' file not found
#include <port.h>
         ^~~~~~~~
1 error generated.
----------
#include <port.h>
                  #include <unistd.h>

                  int main() {
                      int  n;

                      n = port_create();
                      close(n);
                      return 0;
                  }
----------
cc -pipe -fPIC -fvisibility=hidden -O -W -Wall -Wextra -Wno-unused-parameter -Wwrite-strings -fstrict-aliasing -Wstrict-overflow=5 -Wmissing-prototypes -Werror -g -o build/autotest build/autotest.c
----------
----------------------------------------
checking for /dev/poll
build/autotest.c:3:28: fatal error: 'sys/devpoll.h' file not found
                  #include <sys/devpoll.h>
                           ^~~~~~~~~~~~~~~
1 error generated.
----------
#include <fcntl.h>
                  #include <sys/ioctl.h>
                  #include <sys/devpoll.h>
                  #include <unistd.h>

                  int main() {
                      int  n;

                      n = open("/dev/poll", O_RDWR);
                      close(n);
                      return 0;
                  }
----------
cc -pipe -fPIC -fvisibility=hidden -O -W -Wall -Wextra -Wno-unused-parameter -Wwrite-strings -fstrict-aliasing -Wstrict-overflow=5 -Wmissing-prototypes -Werror -g -o build/autotest build/autotest.c
----------
----------------------------------------
checking for AIX pollset
build/autotest.c:3:28: fatal error: 'sys/pollset.h' file not found
                  #include <sys/pollset.h>
                           ^~~~~~~~~~~~~~~
1 error generated.
----------
#include <fcntl.h>
                  #include <sys/poll.h>
                  #include <sys/pollset.h>
                  #include <unistd.h>

                  int main() {
                      pollset_t  n;

                      n = pollset_create(-1);
                      pollset_destroy(n);
                      return 0;
                  }
----------
cc -pipe -fPIC -fvisibility=hidden -O -W -Wall -Wextra -Wno-unused-parameter -Wwrite-strings -fstrict-aliasing -Wstrict-overflow=5 -Wmissing-prototypes -Werror -g -o build/autotest build/autotest.c
----------
----------------------------------------
checking for AF_INET6
----------------------------------------
checking for sockaddr.sa_len
----------------------------------------
checking for struct sockaddr size
16
----------------------------------------
checking for struct sockaddr_in size
16
----------------------------------------
checking for struct sockaddr_in6 size
28
----------------------------------------
checking for struct sockaddr_un size
106
----------------------------------------
checking for struct sockaddr_storage size
128
----------------------------------------
checking for socketpair(AF_UNIX, SOCK_SEQPACKET)
----------------------------------------
checking for struct msghdr.msg_control
----------------------------------------
checking for sys/filio.h
----------------------------------------
checking for ioctl(FIONBIO)
----------------------------------------
checking for socket(SOCK_NONBLOCK)
build/autotest.c:5:53: error: use of undeclared identifier 'SOCK_NONBLOCK'
                      socket(AF_INET, SOCK_STREAM | SOCK_NONBLOCK, 0);
                                                    ^
1 error generated.
----------
#define _GNU_SOURCE
                  #include <sys/socket.h>

                  int main() {
                      socket(AF_INET, SOCK_STREAM | SOCK_NONBLOCK, 0);
                      return 0;
                  }
----------
cc -pipe -fPIC -fvisibility=hidden -O -W -Wall -Wextra -Wno-unused-parameter -Wwrite-strings -fstrict-aliasing -Wstrict-overflow=5 -Wmissing-prototypes -Werror -g -o build/autotest build/autotest.c
----------
----------------------------------------
checking for accept4()
build/autotest.c:6:23: error: implicit declaration of function 'accept4' is invalid in C99 [-Werror,-Wimplicit-function-declaration]
                      accept4(0, NULL, NULL, SOCK_NONBLOCK);
                      ^
build/autotest.c:6:23: note: did you mean 'accept'?
/Library/Developer/CommandLineTools/SDKs/MacOSX10.14.sdk/usr/include/sys/socket.h:686:9: note: 'accept' declared here
int     accept(int, struct sockaddr * __restrict, socklen_t * __restrict)
        ^
build/autotest.c:6:46: error: use of undeclared identifier 'SOCK_NONBLOCK'
                      accept4(0, NULL, NULL, SOCK_NONBLOCK);
                                             ^
2 errors generated.
----------
#define _GNU_SOURCE
                  #include <stdlib.h>
                  #include <sys/socket.h>

                  int main() {
                      accept4(0, NULL, NULL, SOCK_NONBLOCK);
                      return 0;
                  }
----------
cc -pipe -fPIC -fvisibility=hidden -O -W -Wall -Wextra -Wno-unused-parameter -Wwrite-strings -fstrict-aliasing -Wstrict-overflow=5 -Wmissing-prototypes -Werror -g -o build/autotest build/autotest.c
----------
----------------------------------------
checking for Linux sendfile()
build/autotest.c:1:10: fatal error: 'sys/sendfile.h' file not found
#include <sys/sendfile.h>
         ^~~~~~~~~~~~~~~~
1 error generated.
----------
#include <sys/sendfile.h>

                  int main() {
                      off_t  offset;

                      sendfile(-1, -1, &offset, 0);
                      return 0;
                  }
----------
cc -pipe -fPIC -fvisibility=hidden -O -W -Wall -Wextra -Wno-unused-parameter -Wwrite-strings -fstrict-aliasing -Wstrict-overflow=5 -Wmissing-prototypes -Werror -g -o build/autotest build/autotest.c
----------
----------------------------------------
checking for FreeBSD sendfile()
build/autotest.c:9:63: error: use of undeclared identifier 'SF_NODISKIO'
                          sendfile(-1, -1, 0, 0, NULL, &sent, SF_NODISKIO);
                                                              ^
1 error generated.
----------
#include <sys/types.h>
                      #include <sys/socket.h>
                      #include <sys/uio.h>
                      #include <stdlib.h>

                      int main() {
                          off_t  sent;

                          sendfile(-1, -1, 0, 0, NULL, &sent, SF_NODISKIO);
                          return 0;
                      }
----------
cc -pipe -fPIC -fvisibility=hidden -O -W -Wall -Wextra -Wno-unused-parameter -Wwrite-strings -fstrict-aliasing -Wstrict-overflow=5 -Wmissing-prototypes -Werror -g -o build/autotest build/autotest.c
----------
----------------------------------------
checking for Solaris sendfilev()
build/autotest.c:1:10: fatal error: 'sys/sendfile.h' file not found
#include <sys/sendfile.h>
         ^~~~~~~~~~~~~~~~
1 error generated.
----------
#include <sys/sendfile.h>

                      int main() {
                          size_t              sent;
                          struct sendfilevec  vec;

                          sendfilev(-1, &vec, 0, &sent);
                          return 0;
                      }
----------
cc -pipe -fPIC -fvisibility=hidden -O -W -Wall -Wextra -Wno-unused-parameter -Wwrite-strings -fstrict-aliasing -Wstrict-overflow=5 -Wmissing-prototypes -Werror -g -o build/autotest build/autotest.c -lsendfile
----------
----------------------------------------
checking for MacOSX sendfile()
----------------------------------------
checking for posix_fadvise()
build/autotest.c:4:30: error: implicit declaration of function 'posix_fadvise' is invalid in C99 [-Werror,-Wimplicit-function-declaration]
                      (void) posix_fadvise(0, 0, 0, POSIX_FADV_WILLNEED);
                             ^
build/autotest.c:4:53: error: use of undeclared identifier 'POSIX_FADV_WILLNEED'
                      (void) posix_fadvise(0, 0, 0, POSIX_FADV_WILLNEED);
                                                    ^
2 errors generated.
----------
#include <fcntl.h>

                  int main() {
                      (void) posix_fadvise(0, 0, 0, POSIX_FADV_WILLNEED);
                      return 0;
                  }
----------
cc -pipe -fPIC -fvisibility=hidden -O -W -Wall -Wextra -Wno-unused-parameter -Wwrite-strings -fstrict-aliasing -Wstrict-overflow=5 -Wmissing-prototypes -Werror -g -o build/autotest build/autotest.c
----------
----------------------------------------
checking for fcntl(F_READAHEAD)
build/autotest.c:4:39: error: use of undeclared identifier 'F_READAHEAD'
                      (void) fcntl(0, F_READAHEAD, 1024);
                                      ^
1 error generated.
----------
#include <fcntl.h>

                  int main() {
                      (void) fcntl(0, F_READAHEAD, 1024);
                      return 0;
                  }
----------
cc -pipe -fPIC -fvisibility=hidden -O -W -Wall -Wextra -Wno-unused-parameter -Wwrite-strings -fstrict-aliasing -Wstrict-overflow=5 -Wmissing-prototypes -Werror -g -o build/autotest build/autotest.c
----------
----------------------------------------
checking for fcntl(F_RDAHEAD)
----------------------------------------
checking for getrandom()
build/autotest.c:7:27: error: implicit declaration of function 'getrandom' is invalid in C99 [-Werror,-Wimplicit-function-declaration]
                      if (getrandom(buf, 4, 0) < 0) {
                          ^
1 error generated.
----------
#include <unistd.h>
                  #include <sys/random.h>

                  int main() {
                      char  buf[4];

                      if (getrandom(buf, 4, 0) < 0) {
                          return 1;
                      }

                      return 0;
                  }
----------
cc -pipe -fPIC -fvisibility=hidden -O -W -Wall -Wextra -Wno-unused-parameter -Wwrite-strings -fstrict-aliasing -Wstrict-overflow=5 -Wmissing-prototypes -Werror -g -o build/autotest build/autotest.c
----------
----------------------------------------
checking for SYS_getrandom in Linux
build/autotest.c:3:32: fatal error: 'linux/random.h' file not found
                      #include <linux/random.h>
                               ^~~~~~~~~~~~~~~~
1 error generated.
----------
#include <unistd.h>
                      #include <sys/syscall.h>
                      #include <linux/random.h>

                      int main() {
                          char  buf[4];

                          if (syscall(SYS_getrandom, buf, 4, 0) < 0) {
                              return 1;
                          }

                          return 0;
                      }
----------
cc -pipe -fPIC -fvisibility=hidden -O -W -Wall -Wextra -Wno-unused-parameter -Wwrite-strings -fstrict-aliasing -Wstrict-overflow=5 -Wmissing-prototypes -Werror -g -o build/autotest build/autotest.c
----------
----------------------------------------
checking for getentropy()
build/autotest.c:6:31: error: implicit declaration of function 'getentropy' is invalid in C99 [-Werror,-Wimplicit-function-declaration]
                          if (getentropy(buf, 4) == -1) {
                              ^
1 error generated.
----------
#include <unistd.h>

                      int main() {
                          char  buf[4];

                          if (getentropy(buf, 4) == -1) {
                              return 1;
                          }

                          return 0;
                      }
----------
cc -pipe -fPIC -fvisibility=hidden -O -W -Wall -Wextra -Wno-unused-parameter -Wwrite-strings -fstrict-aliasing -Wstrict-overflow=5 -Wmissing-prototypes -Werror -g -o build/autotest build/autotest.c
----------
----------------------------------------
checking for getentropy() in sys/random.h
----------------------------------------
checking for ucontext
In file included from build/autotest.c:2:
/Library/Developer/CommandLineTools/SDKs/MacOSX10.14.sdk/usr/include/ucontext.h:43:2: error: The deprecated ucontext routines require _XOPEN_SOURCE to be defined
#error The deprecated ucontext routines require _XOPEN_SOURCE to be defined
 ^
build/autotest.c:7:27: error: implicitly declaring library function 'getcontext' with type 'int (ucontext_t *)' (aka 'int (struct __darwin_ucontext *)') [-Werror,-Wimplicit-function-declaration]
                      if (getcontext(&uc) == 0) {
                          ^
build/autotest.c:7:27: note: include the header <setjmp.h> or explicitly provide a declaration for 'getcontext'
build/autotest.c:8:27: error: implicit declaration of function 'makecontext' is invalid in C99 [-Werror,-Wimplicit-function-declaration]
                          makecontext(&uc, NULL, 0);
                          ^
build/autotest.c:9:27: error: implicit declaration of function 'setcontext' is invalid in C99 [-Werror,-Wimplicit-function-declaration]
                          setcontext(&uc);
                          ^
build/autotest.c:9:27: note: did you mean 'getcontext'?
build/autotest.c:7:27: note: 'getcontext' declared here
                      if (getcontext(&uc) == 0) {
                          ^
4 errors generated.
----------
#include <stdlib.h>
                  #include <ucontext.h>

                  int main() {
                      ucontext_t  uc;

                      if (getcontext(&uc) == 0) {
                          makecontext(&uc, NULL, 0);
                          setcontext(&uc);
                      }

                      return 0;
                  }
----------
cc -pipe -fPIC -fvisibility=hidden -O -W -Wall -Wextra -Wno-unused-parameter -Wwrite-strings -fstrict-aliasing -Wstrict-overflow=5 -Wmissing-prototypes -Werror -g -o build/autotest build/autotest.c
----------
----------------------------------------
checking for _XOPEN_SOURCE ucontext
build/autotest.c:8:31: error: 'getcontext' is deprecated: first deprecated in macOS 10.6 [-Werror,-Wdeprecated-declarations]
                          if (getcontext(&uc) == 0) {
                              ^
/Library/Developer/CommandLineTools/SDKs/MacOSX10.14.sdk/usr/include/ucontext.h:37:6: note: 'getcontext' has been explicitly marked deprecated here
int  getcontext(ucontext_t *) __OSX_AVAILABLE_BUT_DEPRECATED(__MAC_10_5, __MAC_10_6, __IPHONE_2_0, __IPHONE_2_0) __WATCHOS_PROHIBITED __TVOS_PROHIBITED;
     ^
build/autotest.c:9:31: error: 'makecontext' is deprecated: first deprecated in macOS 10.6 [-Werror,-Wdeprecated-declarations]
                              makecontext(&uc, NULL, 0);
                              ^
/Library/Developer/CommandLineTools/SDKs/MacOSX10.14.sdk/usr/include/ucontext.h:38:6: note: 'makecontext' has been explicitly marked deprecated here
void makecontext(ucontext_t *, void (*)(), int, ...) __OSX_AVAILABLE_BUT_DEPRECATED(__MAC_10_5, __MAC_10_6, __IPHONE_2_0, __IPHONE_2_0) __WATCHOS_PROHIBITED __TVOS_PROHIBITED;
     ^
build/autotest.c:10:31: error: 'setcontext' is deprecated: first deprecated in macOS 10.6 [-Werror,-Wdeprecated-declarations]
                              setcontext(&uc);
                              ^
/Library/Developer/CommandLineTools/SDKs/MacOSX10.14.sdk/usr/include/ucontext.h:39:6: note: 'setcontext' has been explicitly marked deprecated here
int  setcontext(const ucontext_t *) __OSX_AVAILABLE_BUT_DEPRECATED(__MAC_10_5, __MAC_10_6, __IPHONE_2_0, __IPHONE_2_0) __WATCHOS_PROHIBITED __TVOS_PROHIBITED;
     ^
3 errors generated.
----------
#define _XOPEN_SOURCE
                      #include <stdlib.h>
                      #include <ucontext.h>

                      int main() {
                          ucontext_t  uc;

                          if (getcontext(&uc) == 0) {
                              makecontext(&uc, NULL, 0);
                              setcontext(&uc);
                          }

                          return 0;
                      }
----------
cc -pipe -fPIC -fvisibility=hidden -O -W -Wall -Wextra -Wno-unused-parameter -Wwrite-strings -fstrict-aliasing -Wstrict-overflow=5 -Wmissing-prototypes -Werror -g -o build/autotest build/autotest.c
----------
----------------------------------------
checking for dlopen()
----------------------------------------
checking for posix_spawn()
----------------------------------------
checking for setproctitle()
build/autotest.c:5:23: error: implicit declaration of function 'setproctitle' is invalid in C99 [-Werror,-Wimplicit-function-declaration]
                      setproctitle("%s", "title");
                      ^
1 error generated.
----------
#include <stdlib.h>
                  #include <unistd.h>

                  int main() {
                      setproctitle("%s", "title");
                      return 0;
                  }
----------
cc -pipe -fPIC -fvisibility=hidden -O -W -Wall -Wextra -Wno-unused-parameter -Wwrite-strings -fstrict-aliasing -Wstrict-overflow=5 -Wmissing-prototypes -Werror -g -o build/autotest build/autotest.c
----------
----------------------------------------
checking for clone(2)
build/autotest.c:5:30: error: use of undeclared identifier '__NR_clone'
                      return __NR_clone | SIGCHLD;
                             ^
1 error generated.
----------
#include <sys/wait.h>
                  #include <sys/syscall.h>

                  int main() {
                      return __NR_clone | SIGCHLD;
                  }
----------
cc -pipe -fPIC -fvisibility=hidden -O -W -Wall -Wextra -Wno-unused-parameter -Wwrite-strings -fstrict-aliasing -Wstrict-overflow=5 -Wmissing-prototypes -Werror -g -o build/autotest build/autotest.c
----------
----------------------------------------
checking for Linux capability
build/autotest.c:1:10: fatal error: 'linux/capability.h' file not found
#include <linux/capability.h>
         ^~~~~~~~~~~~~~~~~~~~
1 error generated.
----------
#include <linux/capability.h>
                  #include <unistd.h>
                  #include <sys/syscall.h>

                  int main() {
                      struct __user_cap_header_struct hdr;
                      hdr.version = _LINUX_CAPABILITY_VERSION;
                      syscall(SYS_capget, &hdr, 0);
                      return 0;
                  }
----------
cc -pipe -fPIC -fvisibility=hidden -O -W -Wall -Wextra -Wno-unused-parameter -Wwrite-strings -fstrict-aliasing -Wstrict-overflow=5 -Wmissing-prototypes -Werror -g -o build/autotest build/autotest.c
----------
configuring Python module ...
/System/Library/Frameworks/Python.framework/Versions/2.7
----------------------------------------
checking for Python
----------------------------------------
checking for Python version
2.7.10
configuring Python module ...
//anaconda3
----------------------------------------
checking for Python
warning: (x86_64) /tmp/lto.o unable to open object file: No such file or directory
----------------------------------------
checking for Python version
3.7.3
configuring Python module ...
//anaconda3
----------------------------------------
checking for Python
warning: (x86_64) /tmp/lto.o unable to open object file: No such file or directory
----------------------------------------
checking for Python version
3.7.3
configuring Python module ...
//anaconda3
----------------------------------------
checking for Python
warning: (x86_64) /tmp/lto.o unable to open object file: No such file or directory
----------------------------------------
checking for Python version
3.7.3
configuring Python module ...
/System/Library/Frameworks/Python.framework/Versions/2.7
----------------------------------------
checking for Python
----------------------------------------
checking for Python version
2.7.10
configuring Python module ...
//anaconda3
----------------------------------------
checking for Python
warning: (x86_64) /tmp/lto.o unable to open object file: No such file or directory
----------------------------------------
checking for Python version
3.7.3
configuring Python module ...
/System/Library/Frameworks/Python.framework/Versions/2.7
----------------------------------------
checking for Python
----------------------------------------
checking for Python version
2.7.10
configuring Python module ...
//anaconda3
----------------------------------------
checking for Python
warning: (x86_64) /tmp/lto.o unable to open object file: No such file or directory
----------------------------------------
checking for Python version
3.7.3
configuring Python module ...
unknown option --prefix
usage: python3.7m [option] ... [-c cmd | -m mod | file | -] [arg] ...
Try `python -h' for more information.
configuring Python module ...
/bin/sh: python3.7.3: command not found
configuring Python module ...
/System/Library/Frameworks/Python.framework/Versions/2.7
----------------------------------------
checking for Python
----------------------------------------
checking for Python version
2.7.10
configuring Python module ...
/bin/sh: python-config-3.3: command not found
configuring Python module ...
/System/Library/Frameworks/Python.framework/Versions/2.7
----------------------------------------
checking for Python
----------------------------------------
checking for Python version
2.7.10
configuring Python module ...
/System/Library/Frameworks/Python.framework/Versions/2.7
----------------------------------------
checking for Python
----------------------------------------
checking for Python version
2.7.10
configuring Python module ...
//anaconda3
----------------------------------------
checking for Python
warning: (x86_64) /tmp/lto.o unable to open object file: No such file or directory
----------------------------------------
checking for Python version
3.7.3
configuring Go package ...
checking for Go ...
/bin/sh: go: command not found
configuring PHP module ...
checking for PHP ...
7.1.23
----------------------------------------
checking for PHP embed SAPI
build/autotest.c:2:18: fatal error: 'php.h' file not found
        #include <php.h>
                 ^~~~~~~
1 error generated.
----------

        #include <php.h>
        #include <php_main.h>

        int main() {
            php_module_startup(NULL, NULL, 0);
            return 0;
        }
----------
cc -pipe -fPIC -fvisibility=hidden -O -W -Wall -Wextra -Wno-unused-parameter -Wwrite-strings -fstrict-aliasing -Wstrict-overflow=5 -Wmissing-prototypes -Werror -g -I/usr/include/php -I/usr/include/php/main -I/usr/include/php/TSRM -I/usr/include/php/Zend -I/usr/include/php/ext -I/usr/include/php/ext/date/lib -o build/autotest build/autotest.c -lphp7
----------
configuring Python module ...
//anaconda3
----------------------------------------
checking for Python
